<?xml version="1.0" encoding="UTF-8"?>
<testng-results skipped="0" failed="0" ignored="0" total="1" passed="1">
  <reporter-output>
  </reporter-output>
  <suite name="Default suite" duration-ms="11821" started-at="2020-02-19T11:56:59 IST" finished-at="2020-02-19T11:57:11 IST">
    <groups>
    </groups>
    <test name="Default test" duration-ms="11821" started-at="2020-02-19T11:56:59 IST" finished-at="2020-02-19T11:57:11 IST">
      <class name="testcases.LoginPageTestCase">
        <test-method status="PASS" signature="startup()[pri:0, instance:testcases.LoginPageTestCase@3d8314f0]" name="startup" is-config="true" duration-ms="6891" started-at="2020-02-19T11:56:59 IST" finished-at="2020-02-19T11:57:06 IST">
          <reporter-output>
          </reporter-output>
        </test-method> <!-- startup -->
        <test-method status="PASS" signature="login()[pri:0, instance:testcases.LoginPageTestCase@3d8314f0]" name="login" duration-ms="2459" started-at="2020-02-19T11:57:06 IST" finished-at="2020-02-19T11:57:08 IST">
          <reporter-output>
          </reporter-output>
        </test-method> <!-- login -->
        <test-method status="PASS" signature="endUp()[pri:0, instance:testcases.LoginPageTestCase@3d8314f0]" name="endUp" is-config="true" duration-ms="2397" started-at="2020-02-19T11:57:08 IST" finished-at="2020-02-19T11:57:11 IST">
          <reporter-output>
          </reporter-output>
        </test-method> <!-- endUp -->
      </class> <!-- testcases.LoginPageTestCase -->
    </test> <!-- Default test -->
  </suite> <!-- Default suite -->
</testng-results>
